<?xml version="1.0" encoding="UTF-8"?>
<testsuite xmlns:xsi="http://www.w3.org/2001/XMLSchema-instance" xsi:noNamespaceSchemaLocation="https://maven.apache.org/surefire/maven-surefire-plugin/xsd/surefire-test-report-3.0.xsd" version="3.0" name="AppTest" time="0.018" tests="1" errors="0" skipped="0" failures="0">
  <properties>
    <property name="socksProxyHost" value="127.0.0.1"/>
    <property name="http.proxyHost" value="127.0.0.1"/>
    <property name="java.specification.version" value="21"/>
    <property name="sun.jnu.encoding" value="UTF-8"/>
    <property name="java.class.path" value="/Users/meteor/websit/hope/target/test-classes:/Users/meteor/websit/hope/target/classes:/Users/meteor/.m2/repository/org/springframework/boot/spring-boot-starter/3.1.4/spring-boot-starter-3.1.4.jar:/Users/meteor/.m2/repository/org/springframework/boot/spring-boot/3.1.4/spring-boot-3.1.4.jar:/Users/meteor/.m2/repository/org/springframework/spring-context/6.0.12/spring-context-6.0.12.jar:/Users/meteor/.m2/repository/org/springframework/boot/spring-boot-autoconfigure/3.1.4/spring-boot-autoconfigure-3.1.4.jar:/Users/meteor/.m2/repository/org/springframework/boot/spring-boot-starter-logging/3.1.4/spring-boot-starter-logging-3.1.4.jar:/Users/meteor/.m2/repository/ch/qos/logback/logback-classic/1.4.11/logback-classic-1.4.11.jar:/Users/meteor/.m2/repository/ch/qos/logback/logback-core/1.4.11/logback-core-1.4.11.jar:/Users/meteor/.m2/repository/org/apache/logging/log4j/log4j-to-slf4j/2.20.0/log4j-to-slf4j-2.20.0.jar:/Users/meteor/.m2/repository/org/apache/logging/log4j/log4j-api/2.20.0/log4j-api-2.20.0.jar:/Users/meteor/.m2/repository/org/slf4j/jul-to-slf4j/2.0.9/jul-to-slf4j-2.0.9.jar:/Users/meteor/.m2/repository/jakarta/annotation/jakarta.annotation-api/2.1.1/jakarta.annotation-api-2.1.1.jar:/Users/meteor/.m2/repository/org/springframework/spring-core/6.0.12/spring-core-6.0.12.jar:/Users/meteor/.m2/repository/org/springframework/spring-jcl/6.0.12/spring-jcl-6.0.12.jar:/Users/meteor/.m2/repository/org/yaml/snakeyaml/1.33/snakeyaml-1.33.jar:/Users/meteor/.m2/repository/org/springframework/boot/spring-boot-starter-web/3.1.4/spring-boot-starter-web-3.1.4.jar:/Users/meteor/.m2/repository/org/springframework/boot/spring-boot-starter-json/3.1.4/spring-boot-starter-json-3.1.4.jar:/Users/meteor/.m2/repository/com/fasterxml/jackson/core/jackson-databind/2.15.2/jackson-databind-2.15.2.jar:/Users/meteor/.m2/repository/com/fasterxml/jackson/core/jackson-annotations/2.15.2/jackson-annotations-2.15.2.jar:/Users/meteor/.m2/repository/com/fasterxml/jackson/core/jackson-core/2.15.2/jackson-core-2.15.2.jar:/Users/meteor/.m2/repository/com/fasterxml/jackson/datatype/jackson-datatype-jdk8/2.15.2/jackson-datatype-jdk8-2.15.2.jar:/Users/meteor/.m2/repository/com/fasterxml/jackson/datatype/jackson-datatype-jsr310/2.15.2/jackson-datatype-jsr310-2.15.2.jar:/Users/meteor/.m2/repository/com/fasterxml/jackson/module/jackson-module-parameter-names/2.15.2/jackson-module-parameter-names-2.15.2.jar:/Users/meteor/.m2/repository/org/springframework/boot/spring-boot-starter-tomcat/3.1.4/spring-boot-starter-tomcat-3.1.4.jar:/Users/meteor/.m2/repository/org/apache/tomcat/embed/tomcat-embed-core/10.1.13/tomcat-embed-core-10.1.13.jar:/Users/meteor/.m2/repository/org/apache/tomcat/embed/tomcat-embed-el/10.1.13/tomcat-embed-el-10.1.13.jar:/Users/meteor/.m2/repository/org/apache/tomcat/embed/tomcat-embed-websocket/10.1.13/tomcat-embed-websocket-10.1.13.jar:/Users/meteor/.m2/repository/org/springframework/spring-web/6.0.12/spring-web-6.0.12.jar:/Users/meteor/.m2/repository/org/springframework/spring-beans/6.0.12/spring-beans-6.0.12.jar:/Users/meteor/.m2/repository/io/micrometer/micrometer-observation/1.10.11/micrometer-observation-1.10.11.jar:/Users/meteor/.m2/repository/io/micrometer/micrometer-commons/1.10.11/micrometer-commons-1.10.11.jar:/Users/meteor/.m2/repository/org/springframework/spring-webmvc/6.0.12/spring-webmvc-6.0.12.jar:/Users/meteor/.m2/repository/org/springframework/spring-aop/6.0.12/spring-aop-6.0.12.jar:/Users/meteor/.m2/repository/org/springframework/spring-expression/6.0.12/spring-expression-6.0.12.jar:/Users/meteor/.m2/repository/com/baomidou/mybatis-plus-boot-starter/3.5.3/mybatis-plus-boot-starter-3.5.3.jar:/Users/meteor/.m2/repository/com/baomidou/mybatis-plus/3.5.3/mybatis-plus-3.5.3.jar:/Users/meteor/.m2/repository/com/baomidou/mybatis-plus-extension/3.5.3/mybatis-plus-extension-3.5.3.jar:/Users/meteor/.m2/repository/com/baomidou/mybatis-plus-core/3.5.3/mybatis-plus-core-3.5.3.jar:/Users/meteor/.m2/repository/com/baomidou/mybatis-plus-annotation/3.5.3/mybatis-plus-annotation-3.5.3.jar:/Users/meteor/.m2/repository/com/github/jsqlparser/jsqlparser/4.4/jsqlparser-4.4.jar:/Users/meteor/.m2/repository/org/mybatis/mybatis/3.5.10/mybatis-3.5.10.jar:/Users/meteor/.m2/repository/org/mybatis/mybatis-spring/2.0.7/mybatis-spring-2.0.7.jar:/Users/meteor/.m2/repository/org/springframework/boot/spring-boot-starter-jdbc/2.5.3/spring-boot-starter-jdbc-2.5.3.jar:/Users/meteor/.m2/repository/com/zaxxer/HikariCP/4.0.3/HikariCP-4.0.3.jar:/Users/meteor/.m2/repository/org/springframework/spring-jdbc/5.3.9/spring-jdbc-5.3.9.jar:/Users/meteor/.m2/repository/org/springframework/spring-tx/5.3.9/spring-tx-5.3.9.jar:/Users/meteor/.m2/repository/com/mysql/mysql-connector-j/8.0.33/mysql-connector-j-8.0.33.jar:/Users/meteor/.m2/repository/com/google/protobuf/protobuf-java/3.21.9/protobuf-java-3.21.9.jar:/Users/meteor/.m2/repository/org/springframework/boot/spring-boot-starter-test/3.1.4/spring-boot-starter-test-3.1.4.jar:/Users/meteor/.m2/repository/org/springframework/boot/spring-boot-test/3.1.4/spring-boot-test-3.1.4.jar:/Users/meteor/.m2/repository/org/springframework/boot/spring-boot-test-autoconfigure/3.1.4/spring-boot-test-autoconfigure-3.1.4.jar:/Users/meteor/.m2/repository/com/jayway/jsonpath/json-path/2.8.0/json-path-2.8.0.jar:/Users/meteor/.m2/repository/org/slf4j/slf4j-api/1.7.36/slf4j-api-1.7.36.jar:/Users/meteor/.m2/repository/jakarta/xml/bind/jakarta.xml.bind-api/4.0.1/jakarta.xml.bind-api-4.0.1.jar:/Users/meteor/.m2/repository/jakarta/activation/jakarta.activation-api/2.1.2/jakarta.activation-api-2.1.2.jar:/Users/meteor/.m2/repository/net/minidev/json-smart/2.4.11/json-smart-2.4.11.jar:/Users/meteor/.m2/repository/net/minidev/accessors-smart/2.4.11/accessors-smart-2.4.11.jar:/Users/meteor/.m2/repository/org/ow2/asm/asm/9.3/asm-9.3.jar:/Users/meteor/.m2/repository/org/assertj/assertj-core/3.24.2/assertj-core-3.24.2.jar:/Users/meteor/.m2/repository/net/bytebuddy/byte-buddy/1.12.21/byte-buddy-1.12.21.jar:/Users/meteor/.m2/repository/org/hamcrest/hamcrest/2.2/hamcrest-2.2.jar:/Users/meteor/.m2/repository/org/junit/jupiter/junit-jupiter/5.9.3/junit-jupiter-5.9.3.jar:/Users/meteor/.m2/repository/org/junit/jupiter/junit-jupiter-api/5.9.3/junit-jupiter-api-5.9.3.jar:/Users/meteor/.m2/repository/org/opentest4j/opentest4j/1.2.0/opentest4j-1.2.0.jar:/Users/meteor/.m2/repository/org/junit/platform/junit-platform-commons/1.9.3/junit-platform-commons-1.9.3.jar:/Users/meteor/.m2/repository/org/apiguardian/apiguardian-api/1.1.2/apiguardian-api-1.1.2.jar:/Users/meteor/.m2/repository/org/junit/jupiter/junit-jupiter-params/5.9.3/junit-jupiter-params-5.9.3.jar:/Users/meteor/.m2/repository/org/junit/jupiter/junit-jupiter-engine/5.9.3/junit-jupiter-engine-5.9.3.jar:/Users/meteor/.m2/repository/org/junit/platform/junit-platform-engine/1.9.3/junit-platform-engine-1.9.3.jar:/Users/meteor/.m2/repository/org/mockito/mockito-core/5.3.1/mockito-core-5.3.1.jar:/Users/meteor/.m2/repository/net/bytebuddy/byte-buddy-agent/1.14.4/byte-buddy-agent-1.14.4.jar:/Users/meteor/.m2/repository/org/objenesis/objenesis/3.3/objenesis-3.3.jar:/Users/meteor/.m2/repository/org/mockito/mockito-junit-jupiter/5.3.1/mockito-junit-jupiter-5.3.1.jar:/Users/meteor/.m2/repository/org/skyscreamer/jsonassert/1.5.1/jsonassert-1.5.1.jar:/Users/meteor/.m2/repository/com/vaadin/external/google/android-json/0.0.20131108.vaadin1/android-json-0.0.20131108.vaadin1.jar:/Users/meteor/.m2/repository/org/springframework/spring-test/6.0.12/spring-test-6.0.12.jar:/Users/meteor/.m2/repository/org/xmlunit/xmlunit-core/2.9.1/xmlunit-core-2.9.1.jar:"/>
    <property name="https.proxyPort" value="7890"/>
    <property name="java.vm.vendor" value="Azul Systems, Inc."/>
    <property name="sun.arch.data.model" value="64"/>
    <property name="java.vendor.url" value="http://www.azul.com/"/>
    <property name="os.name" value="Mac OS X"/>
    <property name="java.vm.specification.version" value="21"/>
    <property name="sun.java.launcher" value="SUN_STANDARD"/>
    <property name="user.country" value="CN"/>
    <property name="sun.boot.library.path" value="/Library/Java/JavaVirtualMachines/zulu-21.jdk/Contents/Home/lib"/>
    <property name="sun.java.command" value="/Users/meteor/websit/hope/target/surefire/surefirebooter-20250925070554299_3.jar /Users/meteor/websit/hope/target/surefire 2025-09-25T07-05-54_250-jvmRun1 surefire-20250925070554299_1tmp surefire_0-20250925070554299_2tmp"/>
    <property name="http.nonProxyHosts" value="192.168.0.0/16|*.192.168.0.0/16|10.0.0.0/8|*.10.0.0.0/8|172.16.0.0/12|*.172.16.0.0/12|127.0.0.1|localhost|*.localhost|local|*.local|timestamp.apple.com|*.timestamp.apple.com|sequoia.apple.com|*.sequoia.apple.com|seed-sequoia.siri.apple.com|*.seed-sequoia.siri.apple.com"/>
    <property name="jdk.debug" value="release"/>
    <property name="surefire.test.class.path" value="/Users/meteor/websit/hope/target/test-classes:/Users/meteor/websit/hope/target/classes:/Users/meteor/.m2/repository/org/springframework/boot/spring-boot-starter/3.1.4/spring-boot-starter-3.1.4.jar:/Users/meteor/.m2/repository/org/springframework/boot/spring-boot/3.1.4/spring-boot-3.1.4.jar:/Users/meteor/.m2/repository/org/springframework/spring-context/6.0.12/spring-context-6.0.12.jar:/Users/meteor/.m2/repository/org/springframework/boot/spring-boot-autoconfigure/3.1.4/spring-boot-autoconfigure-3.1.4.jar:/Users/meteor/.m2/repository/org/springframework/boot/spring-boot-starter-logging/3.1.4/spring-boot-starter-logging-3.1.4.jar:/Users/meteor/.m2/repository/ch/qos/logback/logback-classic/1.4.11/logback-classic-1.4.11.jar:/Users/meteor/.m2/repository/ch/qos/logback/logback-core/1.4.11/logback-core-1.4.11.jar:/Users/meteor/.m2/repository/org/apache/logging/log4j/log4j-to-slf4j/2.20.0/log4j-to-slf4j-2.20.0.jar:/Users/meteor/.m2/repository/org/apache/logging/log4j/log4j-api/2.20.0/log4j-api-2.20.0.jar:/Users/meteor/.m2/repository/org/slf4j/jul-to-slf4j/2.0.9/jul-to-slf4j-2.0.9.jar:/Users/meteor/.m2/repository/jakarta/annotation/jakarta.annotation-api/2.1.1/jakarta.annotation-api-2.1.1.jar:/Users/meteor/.m2/repository/org/springframework/spring-core/6.0.12/spring-core-6.0.12.jar:/Users/meteor/.m2/repository/org/springframework/spring-jcl/6.0.12/spring-jcl-6.0.12.jar:/Users/meteor/.m2/repository/org/yaml/snakeyaml/1.33/snakeyaml-1.33.jar:/Users/meteor/.m2/repository/org/springframework/boot/spring-boot-starter-web/3.1.4/spring-boot-starter-web-3.1.4.jar:/Users/meteor/.m2/repository/org/springframework/boot/spring-boot-starter-json/3.1.4/spring-boot-starter-json-3.1.4.jar:/Users/meteor/.m2/repository/com/fasterxml/jackson/core/jackson-databind/2.15.2/jackson-databind-2.15.2.jar:/Users/meteor/.m2/repository/com/fasterxml/jackson/core/jackson-annotations/2.15.2/jackson-annotations-2.15.2.jar:/Users/meteor/.m2/repository/com/fasterxml/jackson/core/jackson-core/2.15.2/jackson-core-2.15.2.jar:/Users/meteor/.m2/repository/com/fasterxml/jackson/datatype/jackson-datatype-jdk8/2.15.2/jackson-datatype-jdk8-2.15.2.jar:/Users/meteor/.m2/repository/com/fasterxml/jackson/datatype/jackson-datatype-jsr310/2.15.2/jackson-datatype-jsr310-2.15.2.jar:/Users/meteor/.m2/repository/com/fasterxml/jackson/module/jackson-module-parameter-names/2.15.2/jackson-module-parameter-names-2.15.2.jar:/Users/meteor/.m2/repository/org/springframework/boot/spring-boot-starter-tomcat/3.1.4/spring-boot-starter-tomcat-3.1.4.jar:/Users/meteor/.m2/repository/org/apache/tomcat/embed/tomcat-embed-core/10.1.13/tomcat-embed-core-10.1.13.jar:/Users/meteor/.m2/repository/org/apache/tomcat/embed/tomcat-embed-el/10.1.13/tomcat-embed-el-10.1.13.jar:/Users/meteor/.m2/repository/org/apache/tomcat/embed/tomcat-embed-websocket/10.1.13/tomcat-embed-websocket-10.1.13.jar:/Users/meteor/.m2/repository/org/springframework/spring-web/6.0.12/spring-web-6.0.12.jar:/Users/meteor/.m2/repository/org/springframework/spring-beans/6.0.12/spring-beans-6.0.12.jar:/Users/meteor/.m2/repository/io/micrometer/micrometer-observation/1.10.11/micrometer-observation-1.10.11.jar:/Users/meteor/.m2/repository/io/micrometer/micrometer-commons/1.10.11/micrometer-commons-1.10.11.jar:/Users/meteor/.m2/repository/org/springframework/spring-webmvc/6.0.12/spring-webmvc-6.0.12.jar:/Users/meteor/.m2/repository/org/springframework/spring-aop/6.0.12/spring-aop-6.0.12.jar:/Users/meteor/.m2/repository/org/springframework/spring-expression/6.0.12/spring-expression-6.0.12.jar:/Users/meteor/.m2/repository/com/baomidou/mybatis-plus-boot-starter/3.5.3/mybatis-plus-boot-starter-3.5.3.jar:/Users/meteor/.m2/repository/com/baomidou/mybatis-plus/3.5.3/mybatis-plus-3.5.3.jar:/Users/meteor/.m2/repository/com/baomidou/mybatis-plus-extension/3.5.3/mybatis-plus-extension-3.5.3.jar:/Users/meteor/.m2/repository/com/baomidou/mybatis-plus-core/3.5.3/mybatis-plus-core-3.5.3.jar:/Users/meteor/.m2/repository/com/baomidou/mybatis-plus-annotation/3.5.3/mybatis-plus-annotation-3.5.3.jar:/Users/meteor/.m2/repository/com/github/jsqlparser/jsqlparser/4.4/jsqlparser-4.4.jar:/Users/meteor/.m2/repository/org/mybatis/mybatis/3.5.10/mybatis-3.5.10.jar:/Users/meteor/.m2/repository/org/mybatis/mybatis-spring/2.0.7/mybatis-spring-2.0.7.jar:/Users/meteor/.m2/repository/org/springframework/boot/spring-boot-starter-jdbc/2.5.3/spring-boot-starter-jdbc-2.5.3.jar:/Users/meteor/.m2/repository/com/zaxxer/HikariCP/4.0.3/HikariCP-4.0.3.jar:/Users/meteor/.m2/repository/org/springframework/spring-jdbc/5.3.9/spring-jdbc-5.3.9.jar:/Users/meteor/.m2/repository/org/springframework/spring-tx/5.3.9/spring-tx-5.3.9.jar:/Users/meteor/.m2/repository/com/mysql/mysql-connector-j/8.0.33/mysql-connector-j-8.0.33.jar:/Users/meteor/.m2/repository/com/google/protobuf/protobuf-java/3.21.9/protobuf-java-3.21.9.jar:/Users/meteor/.m2/repository/org/springframework/boot/spring-boot-starter-test/3.1.4/spring-boot-starter-test-3.1.4.jar:/Users/meteor/.m2/repository/org/springframework/boot/spring-boot-test/3.1.4/spring-boot-test-3.1.4.jar:/Users/meteor/.m2/repository/org/springframework/boot/spring-boot-test-autoconfigure/3.1.4/spring-boot-test-autoconfigure-3.1.4.jar:/Users/meteor/.m2/repository/com/jayway/jsonpath/json-path/2.8.0/json-path-2.8.0.jar:/Users/meteor/.m2/repository/org/slf4j/slf4j-api/1.7.36/slf4j-api-1.7.36.jar:/Users/meteor/.m2/repository/jakarta/xml/bind/jakarta.xml.bind-api/4.0.1/jakarta.xml.bind-api-4.0.1.jar:/Users/meteor/.m2/repository/jakarta/activation/jakarta.activation-api/2.1.2/jakarta.activation-api-2.1.2.jar:/Users/meteor/.m2/repository/net/minidev/json-smart/2.4.11/json-smart-2.4.11.jar:/Users/meteor/.m2/repository/net/minidev/accessors-smart/2.4.11/accessors-smart-2.4.11.jar:/Users/meteor/.m2/repository/org/ow2/asm/asm/9.3/asm-9.3.jar:/Users/meteor/.m2/repository/org/assertj/assertj-core/3.24.2/assertj-core-3.24.2.jar:/Users/meteor/.m2/repository/net/bytebuddy/byte-buddy/1.12.21/byte-buddy-1.12.21.jar:/Users/meteor/.m2/repository/org/hamcrest/hamcrest/2.2/hamcrest-2.2.jar:/Users/meteor/.m2/repository/org/junit/jupiter/junit-jupiter/5.9.3/junit-jupiter-5.9.3.jar:/Users/meteor/.m2/repository/org/junit/jupiter/junit-jupiter-api/5.9.3/junit-jupiter-api-5.9.3.jar:/Users/meteor/.m2/repository/org/opentest4j/opentest4j/1.2.0/opentest4j-1.2.0.jar:/Users/meteor/.m2/repository/org/junit/platform/junit-platform-commons/1.9.3/junit-platform-commons-1.9.3.jar:/Users/meteor/.m2/repository/org/apiguardian/apiguardian-api/1.1.2/apiguardian-api-1.1.2.jar:/Users/meteor/.m2/repository/org/junit/jupiter/junit-jupiter-params/5.9.3/junit-jupiter-params-5.9.3.jar:/Users/meteor/.m2/repository/org/junit/jupiter/junit-jupiter-engine/5.9.3/junit-jupiter-engine-5.9.3.jar:/Users/meteor/.m2/repository/org/junit/platform/junit-platform-engine/1.9.3/junit-platform-engine-1.9.3.jar:/Users/meteor/.m2/repository/org/mockito/mockito-core/5.3.1/mockito-core-5.3.1.jar:/Users/meteor/.m2/repository/net/bytebuddy/byte-buddy-agent/1.14.4/byte-buddy-agent-1.14.4.jar:/Users/meteor/.m2/repository/org/objenesis/objenesis/3.3/objenesis-3.3.jar:/Users/meteor/.m2/repository/org/mockito/mockito-junit-jupiter/5.3.1/mockito-junit-jupiter-5.3.1.jar:/Users/meteor/.m2/repository/org/skyscreamer/jsonassert/1.5.1/jsonassert-1.5.1.jar:/Users/meteor/.m2/repository/com/vaadin/external/google/android-json/0.0.20131108.vaadin1/android-json-0.0.20131108.vaadin1.jar:/Users/meteor/.m2/repository/org/springframework/spring-test/6.0.12/spring-test-6.0.12.jar:/Users/meteor/.m2/repository/org/xmlunit/xmlunit-core/2.9.1/xmlunit-core-2.9.1.jar:"/>
    <property name="sun.cpu.endian" value="little"/>
    <property name="user.home" value="/Users/meteor"/>
    <property name="user.language" value="zh"/>
    <property name="java.specification.vendor" value="Oracle Corporation"/>
    <property name="java.version.date" value="2024-01-16"/>
    <property name="java.home" value="/Library/Java/JavaVirtualMachines/zulu-21.jdk/Contents/Home"/>
    <property name="file.separator" value="/"/>
    <property name="https.proxyHost" value="127.0.0.1"/>
    <property name="basedir" value="/Users/meteor/websit/hope"/>
    <property name="java.vm.compressedOopsMode" value="Zero based"/>
    <property name="line.separator" value="&#10;"/>
    <property name="java.vm.specification.vendor" value="Oracle Corporation"/>
    <property name="java.specification.name" value="Java Platform API Specification"/>
    <property name="apple.awt.application.name" value="ForkedBooter"/>
    <property name="surefire.real.class.path" value="/Users/meteor/websit/hope/target/surefire/surefirebooter-20250925070554299_3.jar"/>
    <property name="user.script" value="Hans"/>
    <property name="sun.management.compiler" value="HotSpot 64-Bit Tiered Compilers"/>
    <property name="ftp.nonProxyHosts" value="192.168.0.0/16|*.192.168.0.0/16|10.0.0.0/8|*.10.0.0.0/8|172.16.0.0/12|*.172.16.0.0/12|127.0.0.1|localhost|*.localhost|local|*.local|timestamp.apple.com|*.timestamp.apple.com|sequoia.apple.com|*.sequoia.apple.com|seed-sequoia.siri.apple.com|*.seed-sequoia.siri.apple.com"/>
    <property name="java.runtime.version" value="21.0.2+13-LTS"/>
    <property name="user.name" value="wanghaifeng"/>
    <property name="stdout.encoding" value="UTF-8"/>
    <property name="path.separator" value=":"/>
    <property name="os.version" value="15.6.1"/>
    <property name="java.runtime.name" value="OpenJDK Runtime Environment"/>
    <property name="file.encoding" value="UTF-8"/>
    <property name="java.vm.name" value="OpenJDK 64-Bit Server VM"/>
    <property name="java.vendor.version" value="Zulu21.32+17-CA"/>
    <property name="localRepository" value="/Users/meteor/.m2/repository"/>
    <property name="java.vendor.url.bug" value="http://www.azul.com/support/"/>
    <property name="java.io.tmpdir" value="/var/folders/1k/ct_r01lx7rdc7d2x72mxc1dh0000gn/T/"/>
    <property name="java.version" value="21.0.2"/>
    <property name="user.dir" value="/Users/meteor/websit/hope"/>
    <property name="os.arch" value="aarch64"/>
    <property name="socksProxyPort" value="7890"/>
    <property name="java.vm.specification.name" value="Java Virtual Machine Specification"/>
    <property name="native.encoding" value="UTF-8"/>
    <property name="java.library.path" value="/Users/meteor/Library/Java/Extensions:/Library/Java/Extensions:/Network/Library/Java/Extensions:/System/Library/Java/Extensions:/usr/lib/java:."/>
    <property name="java.vm.info" value="mixed mode, sharing"/>
    <property name="stderr.encoding" value="UTF-8"/>
    <property name="java.vendor" value="Azul Systems, Inc."/>
    <property name="java.vm.version" value="21.0.2+13-LTS"/>
    <property name="sun.io.unicode.encoding" value="UnicodeBig"/>
    <property name="socksNonProxyHosts" value="192.168.0.0/16|*.192.168.0.0/16|10.0.0.0/8|*.10.0.0.0/8|172.16.0.0/12|*.172.16.0.0/12|127.0.0.1|localhost|*.localhost|local|*.local|timestamp.apple.com|*.timestamp.apple.com|sequoia.apple.com|*.sequoia.apple.com|seed-sequoia.siri.apple.com|*.seed-sequoia.siri.apple.com"/>
    <property name="java.class.version" value="65.0"/>
    <property name="http.proxyPort" value="7890"/>
  </properties>
  <testcase name="testApp" classname="AppTest" time="0.011"/>
</testsuite>